2021-04-01 12:57:12,466 DEBUG Simulator - brick 1 spawned at 
    1.0000       0.0000       0.0000       0.3000   
    0.0000       1.0000       0.0000       0.2000   
    0.0000       0.0000       1.0000       1.0200   
    0.0000       0.0000       0.0000       1.0000   

2021-04-01 12:57:12,490 DEBUG Simulator - brick 2 spawned at 
    1.0000       0.0000       0.0000      -0.3000   
    0.0000       1.0000       0.0000       0.0000   
    0.0000       0.0000       1.0000       1.0200   
    0.0000       0.0000       0.0000       1.0000   

2021-04-01 12:57:12,499 DEBUG Simulator - brick 3 spawned at 
    1.0000       0.0000       0.0000       0.0000   
    0.0000       1.0000       0.0000       0.3000   
    0.0000       0.0000       1.0000       1.0200   
    0.0000       0.0000       0.0000       1.0000   

2021-04-01 12:57:12,508 DEBUG Simulator - brick 4 spawned at 
    1.0000       0.0000       0.0000       0.0000   
    0.0000       1.0000       0.0000      -0.1000   
    0.0000       0.0000       1.0000       1.0200   
    0.0000       0.0000       0.0000       1.0000   

2021-04-01 12:57:12,517 DEBUG Simulator - brick 5 spawned at 
    1.0000       0.0000       0.0000       0.0000   
    0.0000       1.0000       0.0000       0.5000   
    0.0000       0.0000       1.0000       1.0200   
    0.0000       0.0000       0.0000       1.0000   

2021-04-01 12:57:12,525 DEBUG Simulator - brick 6 spawned at 
    1.0000       0.0000       0.0000       0.0000   
    0.0000       1.0000       0.0000      -0.5000   
    0.0000       0.0000       1.0000       1.0200   
    0.0000       0.0000       0.0000       1.0000   

2021-04-01 12:57:12,534 DEBUG Simulator - brick 7 spawned at 
    1.0000       0.0000       0.0000       0.3000   
    0.0000       1.0000       0.0000      -0.1000   
    0.0000       0.0000       1.0000       1.0200   
    0.0000       0.0000       0.0000       1.0000   

2021-04-01 12:57:12,542 DEBUG Simulator - brick 8 spawned at 
    1.0000       0.0000       0.0000      -0.3000   
    0.0000       1.0000       0.0000      -0.3000   
    0.0000       0.0000       1.0000       1.0200   
    0.0000       0.0000       0.0000       1.0000   

2021-04-01 12:57:12,550 DEBUG Simulator - brick 9 spawned at 
    1.0000       0.0000       0.0000       0.3000   
    0.0000       1.0000       0.0000      -0.3000   
    0.0000       0.0000       1.0000       1.0200   
    0.0000       0.0000       0.0000       1.0000   

2021-04-01 12:57:12,553 DEBUG Simulator - brick 1 will be placed at 
    0.0000      -1.0000       0.0000      -0.0000   
    1.0000       0.0000       0.0000      -0.2669   
    0.0000       0.0000       1.0000       1.0200   
    0.0000       0.0000       0.0000       1.0000   

2021-04-01 12:57:12,555 DEBUG Simulator - brick 4 will be placed at 
    0.0000      -1.0000       0.0000      -0.0000   
    1.0000       0.0000       0.0000      -0.2669   
    0.0000       0.0000       1.0000       1.0867   
    0.0000       0.0000       0.0000       1.0000   

2021-04-01 12:57:12,555 DEBUG Simulator - brick 7 will be placed at 
    0.0000      -1.0000       0.0000      -0.0000   
    1.0000       0.0000       0.0000      -0.2669   
    0.0000       0.0000       1.0000       1.1534   
    0.0000       0.0000       0.0000       1.0000   

2021-04-01 12:57:12,556 DEBUG Simulator - brick 2 will be placed at 
    0.0000      -1.0000       0.0000       0.0000   
    1.0000       0.0000       0.0000       0.0000   
    0.0000       0.0000       1.0000       1.0200   
    0.0000       0.0000       0.0000       1.0000   

2021-04-01 12:57:12,557 DEBUG Simulator - brick 5 will be placed at 
    0.0000      -1.0000       0.0000       0.0000   
    1.0000       0.0000       0.0000       0.0000   
    0.0000       0.0000       1.0000       1.0867   
    0.0000       0.0000       0.0000       1.0000   

2021-04-01 12:57:12,557 DEBUG Simulator - brick 8 will be placed at 
    0.0000      -1.0000       0.0000       0.0000   
    1.0000       0.0000       0.0000       0.0000   
    0.0000       0.0000       1.0000       1.1534   
    0.0000       0.0000       0.0000       1.0000   

2021-04-01 12:57:12,558 DEBUG Simulator - brick 3 will be placed at 
    0.0000      -1.0000       0.0000       0.0000   
    1.0000       0.0000       0.0000       0.2669   
    0.0000       0.0000       1.0000       1.0200   
    0.0000       0.0000       0.0000       1.0000   

2021-04-01 12:57:12,559 DEBUG Simulator - brick 6 will be placed at 
    0.0000      -1.0000       0.0000       0.0000   
    1.0000       0.0000       0.0000       0.2669   
    0.0000       0.0000       1.0000       1.0867   
    0.0000       0.0000       0.0000       1.0000   

2021-04-01 12:57:12,559 DEBUG Simulator - brick 9 will be placed at 
    0.0000      -1.0000       0.0000       0.0000   
    1.0000       0.0000       0.0000       0.2669   
    0.0000       0.0000       1.0000       1.1534   
    0.0000       0.0000       0.0000       1.0000   

